🌍 Ethereum
   🪙  1 ethereum = U$ 4321,0800 | R$ 23636,0000
   ⛽ Gas Price: 1,088138977 gwei

✅ Dados também salvos no Google Sheets!
🌍 BNB Chain
   🪙  1 binancecoin = U$ 845,9800 | R$ 4627,4900
   ⛽ Gas Price: 0,1 gwei

✅ Dados também salvos no Google Sheets!
🌍 Polygon
   🪙  1 matic-network = U$ 0,2791 | R$ 1,5300
   ⛽ Gas Price: 26,000197783 gwei

✅ Dados também salvos no Google Sheets!
🌍 Ethereum
   🪙  1 ethereum = U$ 4308,6300 | R$ 23549,0000
   ⛽ Gas Price: 0,650051724 gwei

✅ Dados também salvos no Google Sheets!
🌍 BNB Chain
   🪙  1 binancecoin = U$ 845,0900 | R$ 4618,8600
   ⛽ Gas Price: 0,1 gwei

✅ Dados também salvos no Google Sheets!
🌍 Polygon
   🪙  1 matic-network = U$ 0,2765 | R$ 1,5100
   ⛽ Gas Price: 25,000314471 gwei

✅ Dados também salvos no Google Sheets!
🌍 Ethereum
   🪙  1 ethereum = U$ 4307,6400 | R$ 23517,0000
   ⛽ Gas Price: 0,853849321 gwei

✅ Dados também salvos no Google Sheets!
🌍 BNB Chain
   🪙  1 binancecoin = U$ 844,8500 | R$ 4612,3900
   ⛽ Gas Price: 0,1 gwei

✅ Dados também salvos no Google Sheets!
🌍 Polygon
   🪙  1 matic-network = U$ 0,2753 | R$ 1,5000
   ⛽ Gas Price: 25,000735158 gwei

✅ Dados também salvos no Google Sheets!
🌍 Ethereum
   🪙  1 ethereum = U$ 4312,1800 | R$ 23502,0000
   ⛽ Gas Price: 1,977585945 gwei

✅ Dados também salvos no Google Sheets!
🌍 BNB Chain
   🪙  1 binancecoin = U$ 845,6000 | R$ 4602,2400
   ⛽ Gas Price: 0,1 gwei

✅ Dados também salvos no Google Sheets!
🌍 Polygon
   🪙  1 matic-network = U$ 0,2765 | R$ 1,5100
   ⛽ Gas Price: 25,000006513 gwei

✅ Dados também salvos no Google Sheets!
🌍 Ethereum
   🪙  1 ethereum = U$ 4288,6700 | R$ 23349,0000
   ⛽ Gas Price: 1,01476195 gwei

✅ Dados também salvos no Google Sheets!
🌍 BNB Chain
   🪙  1 binancecoin = U$ 844,0300 | R$ 4595,2200
   ⛽ Gas Price: 0,1 gwei

✅ Dados também salvos no Google Sheets!
🌍 Polygon
   🪙  1 matic-network = U$ 0,2749 | R$ 1,5000
   ⛽ Gas Price: 25,000009281 gwei

✅ Dados também salvos no Google Sheets!
🌍 Ethereum
   🪙  1 ethereum = U$ 4303,8200 | R$ 23446,0000
   ⛽ Gas Price: 0,804856441 gwei

✅ Dados também salvos no Google Sheets!
🌍 BNB Chain
   🪙  1 binancecoin = U$ 844,1000 | R$ 4598,4100
   ⛽ Gas Price: 0,1 gwei

✅ Dados também salvos no Google Sheets!
🌍 Polygon
   🪙  1 matic-network = U$ 0,2750 | R$ 1,5000
   ⛽ Gas Price: 27,500012479 gwei

✅ Dados também salvos no Google Sheets!
🌍 Ethereum
   🪙  1 ethereum = U$ 4277,6200 | R$ 23298,0000
   ⛽ Gas Price: 0,62475707 gwei

✅ Dados também salvos no Google Sheets!
🌍 BNB Chain
   🪙  1 binancecoin = U$ 842,3700 | R$ 4587,8700
   ⛽ Gas Price: 0,1 gwei

✅ Dados também salvos no Google Sheets!
🌍 Polygon
   🪙  1 matic-network = U$ 0,2745 | R$ 1,4900
   ⛽ Gas Price: 28,000000105 gwei

✅ Dados também salvos no Google Sheets!
🌍 Ethereum
   🪙  1 ethereum = U$ 4281,2500 | R$ 23320,0000
   ⛽ Gas Price: 0,623257638 gwei

✅ Dados também salvos no Google Sheets!
🌍 BNB Chain
   🪙  1 binancecoin = U$ 843,2000 | R$ 4592,8500
   ⛽ Gas Price: 0,1 gwei

✅ Dados também salvos no Google Sheets!
🌍 Polygon
   🪙  1 matic-network = U$ 0,2754 | R$ 1,5000
   ⛽ Gas Price: 26,395651879 gwei

✅ Dados também salvos no Google Sheets!
🌍 Ethereum
   🪙  1 ethereum = U$ 4278,3700 | R$ 23300,0000
   ⛽ Gas Price: 0,475206371 gwei

✅ Dados também salvos no Google Sheets!
🌍 BNB Chain
   🪙  1 binancecoin = U$ 843,7600 | R$ 4595,2100
   ⛽ Gas Price: 0,1 gwei

✅ Dados também salvos no Google Sheets!
🌍 Polygon
   🪙  1 matic-network = U$ 0,2758 | R$ 1,5000
   ⛽ Gas Price: 25,635307356 gwei

✅ Dados também salvos no Google Sheets!
🌍 Ethereum
   🪙  1 ethereum = U$ 4279,7200 | R$ 23309,0000
   ⛽ Gas Price: 0,443986649 gwei

✅ Dados também salvos no Google Sheets!
🌍 BNB Chain
   🪙  1 binancecoin = U$ 844,0300 | R$ 4597,0000
   ⛽ Gas Price: 0,1 gwei

✅ Dados também salvos no Google Sheets!
🌍 Polygon
   🪙  1 matic-network = U$ 0,2744 | R$ 1,4900
   ⛽ Gas Price: 25,000000323 gwei

✅ Dados também salvos no Google Sheets!
🌍 Ethereum
   🪙  1 ethereum = U$ 4278,0900 | R$ 23299,0000
   ⛽ Gas Price: 0,3813201 gwei

✅ Dados também salvos no Google Sheets!
🌍 BNB Chain
   🪙  1 binancecoin = U$ 843,5500 | R$ 4594,1400
   ⛽ Gas Price: 0,1 gwei

✅ Dados também salvos no Google Sheets!
🌍 Polygon
   🪙  1 matic-network = U$ 0,2745 | R$ 1,5000
   ⛽ Gas Price: 25,000000144 gwei

✅ Dados também salvos no Google Sheets!
🌍 Ethereum
   🪙  1 ethereum = U$ 4296,6800 | R$ 23394,0000
   ⛽ Gas Price: 0,368415954 gwei

✅ Dados também salvos no Google Sheets!
🌍 BNB Chain
   🪙  1 binancecoin = U$ 844,9000 | R$ 4600,1600
   ⛽ Gas Price: 0,1 gwei

✅ Dados também salvos no Google Sheets!
🌍 Polygon
   🪙  1 matic-network = U$ 0,2761 | R$ 1,5000
   ⛽ Gas Price: 25,000000144 gwei

✅ Dados também salvos no Google Sheets!
🌍 Ethereum
   🪙  1 ethereum = U$ 4305,4500 | R$ 23441,0000
   ⛽ Gas Price: 0,339743103 gwei

✅ Dados também salvos no Google Sheets!
🌍 BNB Chain
   🪙  1 binancecoin = U$ 845,6300 | R$ 4604,0100
   ⛽ Gas Price: 0,1 gwei

✅ Dados também salvos no Google Sheets!
🌍 Polygon
   🪙  1 matic-network = U$ 0,2765 | R$ 1,5100
   ⛽ Gas Price: 26,000000093 gwei

✅ Dados também salvos no Google Sheets!
🌍 Ethereum
   🪙  1 ethereum = U$ 4302,4000 | R$ 23432,0000
   ⛽ Gas Price: 0,308660387 gwei

✅ Dados também salvos no Google Sheets!
🌍 BNB Chain
   🪙  1 binancecoin = U$ 845,6400 | R$ 4605,6000
   ⛽ Gas Price: 0,1 gwei

✅ Dados também salvos no Google Sheets!
🌍 Polygon
   🪙  1 matic-network = U$ 0,2771 | R$ 1,5100
   ⛽ Gas Price: 26,000000089 gwei

✅ Dados também salvos no Google Sheets!
🌍 Ethereum
   🪙  1 ethereum = U$ 4306,2400 | R$ 23460,0000
   ⛽ Gas Price: 0,336900174 gwei

✅ Dados também salvos no Google Sheets!
🌍 BNB Chain
   🪙  1 binancecoin = U$ 845,3400 | R$ 4605,3400
   ⛽ Gas Price: 0,1 gwei

✅ Dados também salvos no Google Sheets!
🌍 Polygon
   🪙  1 matic-network = U$ 0,2759 | R$ 1,5000
   ⛽ Gas Price: 26,000000089 gwei

✅ Dados também salvos no Google Sheets!
🌍 Ethereum
   🪙  1 ethereum = U$ 4308,8700 | R$ 23468,0000
   ⛽ Gas Price: 0,334579131 gwei

✅ Dados também salvos no Google Sheets!
🌍 BNB Chain
   🪙  1 binancecoin = U$ 846,3500 | R$ 4609,6600
   ⛽ Gas Price: 0,1 gwei

✅ Dados também salvos no Google Sheets!
🌍 Polygon
   🪙  1 matic-network = U$ 0,2768 | R$ 1,5100
   ⛽ Gas Price: 26,000000096 gwei

✅ Dados também salvos no Google Sheets!
🌍 Ethereum
   🪙  1 ethereum = U$ 4313,9200 | R$ 23490,0000
   ⛽ Gas Price: 0,303485127 gwei

✅ Dados também salvos no Google Sheets!
🌍 BNB Chain
   🪙  1 binancecoin = U$ 846,6700 | R$ 4610,3000
   ⛽ Gas Price: 0,1 gwei

✅ Dados também salvos no Google Sheets!
🌍 Polygon
   🪙  1 matic-network = U$ 0,2776 | R$ 1,5100
   ⛽ Gas Price: 26,000000094 gwei

✅ Dados também salvos no Google Sheets!
🌍 Ethereum
   🪙  1 ethereum = U$ 4317,5200 | R$ 23506,0000
   ⛽ Gas Price: 0,293361277 gwei

✅ Dados também salvos no Google Sheets!
🌍 BNB Chain
   🪙  1 binancecoin = U$ 847,3500 | R$ 4613,3200
   ⛽ Gas Price: 0,1 gwei

✅ Dados também salvos no Google Sheets!
🌍 Polygon
   🪙  1 matic-network = U$ 0,2781 | R$ 1,5100
   ⛽ Gas Price: 26,000000096 gwei

✅ Dados também salvos no Google Sheets!
🌍 Ethereum
   🪙  1 ethereum = U$ 4323,1800 | R$ 23544,0000
   ⛽ Gas Price: 0,264857893 gwei

✅ Dados também salvos no Google Sheets!
🌍 BNB Chain
   🪙  1 binancecoin = U$ 848,0100 | R$ 4618,2600
   ⛽ Gas Price: 0,1 gwei

✅ Dados também salvos no Google Sheets!
🌍 Polygon
   🪙  1 matic-network = U$ 0,2787 | R$ 1,5200
   ⛽ Gas Price: 26,000000113 gwei

✅ Dados também salvos no Google Sheets!
🌍 Ethereum
   🪙  1 ethereum = U$ 4321,8000 | R$ 23534,0000
   ⛽ Gas Price: 0,266422739 gwei

✅ Dados também salvos no Google Sheets!
🌍 BNB Chain
   🪙  1 binancecoin = U$ 847,5000 | R$ 4614,9500
   ⛽ Gas Price: 0,1 gwei

✅ Dados também salvos no Google Sheets!
🌍 Polygon
   🪙  1 matic-network = U$ 0,2793 | R$ 1,5200
   ⛽ Gas Price: 26,000000119 gwei

✅ Dados também salvos no Google Sheets!
🌍 Ethereum
   🪙  1 ethereum = U$ 4328,0000 | R$ 23567,0000
   ⛽ Gas Price: 0,253949339 gwei

✅ Dados também salvos no Google Sheets!
🌍 BNB Chain
   🪙  1 binancecoin = U$ 847,8700 | R$ 4616,8500
   ⛽ Gas Price: 0,1 gwei

✅ Dados também salvos no Google Sheets!
🌍 Polygon
   🪙  1 matic-network = U$ 0,2797 | R$ 1,5200
   ⛽ Gas Price: 26,000000123 gwei

✅ Dados também salvos no Google Sheets!
🌍 Ethereum
   🪙  1 ethereum = U$ 4318,0700 | R$ 23512,0000
   ⛽ Gas Price: 0,263676961 gwei

✅ Dados também salvos no Google Sheets!
🌍 BNB Chain
   🪙  1 binancecoin = U$ 847,4900 | R$ 4614,6600
   ⛽ Gas Price: 0,1 gwei

✅ Dados também salvos no Google Sheets!
🌍 Polygon
   🪙  1 matic-network = U$ 0,2810 | R$ 1,5300
   ⛽ Gas Price: 26,000000161 gwei

✅ Dados também salvos no Google Sheets!
🌍 Ethereum
   🪙  1 ethereum = U$ 4344,8000 | R$ 23658,0000
   ⛽ Gas Price: 0,296204033 gwei

✅ Dados também salvos no Google Sheets!
🌍 BNB Chain
   🪙  1 binancecoin = U$ 848,0300 | R$ 4617,7000
   ⛽ Gas Price: 0,1 gwei

✅ Dados também salvos no Google Sheets!
🌍 Polygon
   🪙  1 matic-network = U$ 0,2815 | R$ 1,5300
   ⛽ Gas Price: 25,989812385 gwei

✅ Dados também salvos no Google Sheets!
🌍 Ethereum
   🪙  1 ethereum = U$ 4336,3600 | R$ 23614,0000
   ⛽ Gas Price: 0,203541604 gwei

✅ Dados também salvos no Google Sheets!
🌍 BNB Chain
   🪙  1 binancecoin = U$ 848,5700 | R$ 4620,9100
   ⛽ Gas Price: 0,1 gwei

✅ Dados também salvos no Google Sheets!
🌍 Polygon
   🪙  1 matic-network = U$ 0,2809 | R$ 1,5300
   ⛽ Gas Price: 25,989812282 gwei

✅ Dados também salvos no Google Sheets!
🌍 Ethereum
   🪙  1 ethereum = U$ 4335,3200 | R$ 23608,0000
   ⛽ Gas Price: 0,190131462 gwei

✅ Dados também salvos no Google Sheets!
🌍 BNB Chain
   🪙  1 binancecoin = U$ 847,7300 | R$ 4616,3000
   ⛽ Gas Price: 0,1 gwei

✅ Dados também salvos no Google Sheets!
🌍 Polygon
   🪙  1 matic-network = U$ 0,2814 | R$ 1,5300
   ⛽ Gas Price: 25,989812116 gwei

✅ Dados também salvos no Google Sheets!
🌍 Ethereum
   🪙  1 ethereum = U$ 4317,6400 | R$ 23516,0000
   ⛽ Gas Price: 0,19664543 gwei

✅ Dados também salvos no Google Sheets!
🌍 BNB Chain
   🪙  1 binancecoin = U$ 845,9400 | R$ 4607,3300
   ⛽ Gas Price: 0,1 gwei

✅ Dados também salvos no Google Sheets!
🌍 Polygon
   🪙  1 matic-network = U$ 0,2802 | R$ 1,5300
   ⛽ Gas Price: 25,989812101 gwei

✅ Dados também salvos no Google Sheets!
🌍 Ethereum
   🪙  1 ethereum = U$ 4297,1300 | R$ 23400,0000
   ⛽ Gas Price: 0,202897731 gwei

✅ Dados também salvos no Google Sheets!
🌍 BNB Chain
   🪙  1 binancecoin = U$ 843,5500 | R$ 4593,5800
   ⛽ Gas Price: 0,1 gwei

✅ Dados também salvos no Google Sheets!
🌍 Polygon
   🪙  1 matic-network = U$ 0,2800 | R$ 1,5200
   ⛽ Gas Price: 25,98981198 gwei

✅ Dados também salvos no Google Sheets!
🌍 Ethereum
   🪙  1 ethereum = U$ 4298,8400 | R$ 23408,0000
   ⛽ Gas Price: 0,187040982 gwei

✅ Dados também salvos no Google Sheets!
🌍 BNB Chain
   🪙  1 binancecoin = U$ 844,1200 | R$ 4596,4700
   ⛽ Gas Price: 0,1 gwei

✅ Dados também salvos no Google Sheets!
🌍 Polygon
   🪙  1 matic-network = U$ 0,2792 | R$ 1,5200
   ⛽ Gas Price: 25,989853443 gwei

✅ Dados também salvos no Google Sheets!
🌍 Ethereum
   🪙  1 ethereum = U$ 4302,5400 | R$ 23433,0000
   ⛽ Gas Price: 0,15548559 gwei

✅ Dados também salvos no Google Sheets!
🌍 BNB Chain
   🪙  1 binancecoin = U$ 844,5600 | R$ 4599,6700
   ⛽ Gas Price: 0,1 gwei

✅ Dados também salvos no Google Sheets!
🌍 Polygon
   🪙  1 matic-network = U$ 0,2805 | R$ 1,5300
   ⛽ Gas Price: 25,990263695 gwei

✅ Dados também salvos no Google Sheets!
🌍 Ethereum
   🪙  1 ethereum = U$ 4309,3700 | R$ 23467,0000
   ⛽ Gas Price: 0,137323083 gwei

✅ Dados também salvos no Google Sheets!
🌍 BNB Chain
   🪙  1 binancecoin = U$ 845,1300 | R$ 4602,2200
   ⛽ Gas Price: 0,1 gwei

✅ Dados também salvos no Google Sheets!
🌍 Polygon
   🪙  1 matic-network = U$ 0,2797 | R$ 1,5200
   ⛽ Gas Price: 25,993972592 gwei

✅ Dados também salvos no Google Sheets!
🌍 Ethereum
   🪙  1 ethereum = U$ 4303,1300 | R$ 23428,0000
   ⛽ Gas Price: 0,196470722 gwei

✅ Dados também salvos no Google Sheets!
🌍 BNB Chain
   🪙  1 binancecoin = U$ 844,1600 | R$ 4595,9500
   ⛽ Gas Price: 0,1 gwei

✅ Dados também salvos no Google Sheets!
🌍 Polygon
   🪙  1 matic-network = U$ 0,2788 | R$ 1,5200
   ⛽ Gas Price: 26,015058531 gwei

✅ Dados também salvos no Google Sheets!
🌍 Ethereum
   🪙  1 ethereum = U$ 4309,7700 | R$ 23466,0000
   ⛽ Gas Price: 0,135586179 gwei

✅ Dados também salvos no Google Sheets!
🌍 BNB Chain
   🪙  1 binancecoin = U$ 844,8300 | R$ 4599,9400
   ⛽ Gas Price: 0,1 gwei

✅ Dados também salvos no Google Sheets!
🌍 Polygon
   🪙  1 matic-network = U$ 0,2798 | R$ 1,5200
   ⛽ Gas Price: 26,06267683 gwei

✅ Dados também salvos no Google Sheets!
🌍 Ethereum
   🪙  1 ethereum = U$ 4321,5400 | R$ 23537,0000
   ⛽ Gas Price: 0,149297865 gwei

✅ Dados também salvos no Google Sheets!
🌍 BNB Chain
   🪙  1 binancecoin = U$ 845,5400 | R$ 4605,2300
   ⛽ Gas Price: 0,1 gwei

✅ Dados também salvos no Google Sheets!
🌍 Polygon
   🪙  1 matic-network = U$ 0,2809 | R$ 1,5300
   ⛽ Gas Price: 28,53721051 gwei

✅ Dados também salvos no Google Sheets!
🌍 Ethereum
   🪙  1 ethereum = U$ 4331,4000 | R$ 23584,0000
   ⛽ Gas Price: 0,148110623 gwei

✅ Dados também salvos no Google Sheets!
🌍 BNB Chain
   🪙  1 binancecoin = U$ 846,6600 | R$ 4609,9600
   ⛽ Gas Price: 0,1 gwei

✅ Dados também salvos no Google Sheets!
🌍 Polygon
   🪙  1 matic-network = U$ 0,2821 | R$ 1,5400
   ⛽ Gas Price: 37,952132357 gwei

✅ Dados também salvos no Google Sheets!
🌍 Ethereum
   🪙  1 ethereum = U$ 4325,3400 | R$ 23552,0000
   ⛽ Gas Price: 0,207495576 gwei

✅ Dados também salvos no Google Sheets!
🌍 BNB Chain
   🪙  1 binancecoin = U$ 846,5500 | R$ 4609,5500
   ⛽ Gas Price: 0,1 gwei

✅ Dados também salvos no Google Sheets!
🌍 Polygon
   🪙  1 matic-network = U$ 0,2835 | R$ 1,5400
   ⛽ Gas Price: 48,056965504 gwei

✅ Dados também salvos no Google Sheets!
🌍 Ethereum
   🪙  1 ethereum = U$ 4326,8000 | R$ 23559,0000
   ⛽ Gas Price: 0,189313484 gwei

✅ Dados também salvos no Google Sheets!
🌍 BNB Chain
   🪙  1 binancecoin = U$ 847,3100 | R$ 4613,5100
   ⛽ Gas Price: 0,1 gwei

✅ Dados também salvos no Google Sheets!
🌍 Polygon
   🪙  1 matic-network = U$ 0,2832 | R$ 1,5400
   ⛽ Gas Price: 69,779533019 gwei

✅ Dados também salvos no Google Sheets!
🌍 Ethereum
   🪙  1 ethereum = U$ 4322,9700 | R$ 23537,0000
   ⛽ Gas Price: 0,277196526 gwei

✅ Dados também salvos no Google Sheets!
🌍 BNB Chain
   🪙  1 binancecoin = U$ 846,7300 | R$ 4610,1700
   ⛽ Gas Price: 0,1 gwei

✅ Dados também salvos no Google Sheets!
🌍 Polygon
   🪙  1 matic-network = U$ 0,2842 | R$ 1,5500
   ⛽ Gas Price: 80,481137824 gwei

✅ Dados também salvos no Google Sheets!
🌍 Ethereum
   🪙  1 ethereum = U$ 4316,5000 | R$ 23502,0000
   ⛽ Gas Price: 0,185727111 gwei

✅ Dados também salvos no Google Sheets!
🌍 BNB Chain
   🪙  1 binancecoin = U$ 847,0000 | R$ 4611,6500
   ⛽ Gas Price: 0,1 gwei

✅ Dados também salvos no Google Sheets!
🌍 Polygon
   🪙  1 matic-network = U$ 0,2849 | R$ 1,5500
   ⛽ Gas Price: 78,146850678 gwei

✅ Dados também salvos no Google Sheets!
🌍 Ethereum
   🪙  1 ethereum = U$ 4323,8100 | R$ 23544,0000
   ⛽ Gas Price: 0,180697936 gwei

✅ Dados também salvos no Google Sheets!
🌍 BNB Chain
   🪙  1 binancecoin = U$ 847,0900 | R$ 4612,4900
   ⛽ Gas Price: 0,1 gwei

✅ Dados também salvos no Google Sheets!
🌍 Polygon
   🪙  1 matic-network = U$ 0,2838 | R$ 1,5500
   ⛽ Gas Price: 77,991394926 gwei

✅ Dados também salvos no Google Sheets!
🌍 Ethereum
   🪙  1 ethereum = U$ 4307,2000 | R$ 23452,0000
   ⛽ Gas Price: 0,205856529 gwei

✅ Dados também salvos no Google Sheets!
🌍 BNB Chain
   🪙  1 binancecoin = U$ 846,1600 | R$ 4607,1500
   ⛽ Gas Price: 0,1 gwei

✅ Dados também salvos no Google Sheets!
🌍 Polygon
   🪙  1 matic-network = U$ 0,2845 | R$ 1,5500
   ⛽ Gas Price: 69,262971019 gwei

✅ Dados também salvos no Google Sheets!
🌍 Ethereum
   🪙  1 ethereum = U$ 4300,5000 | R$ 23421,0000
   ⛽ Gas Price: 0,224761364 gwei

✅ Dados também salvos no Google Sheets!
🌍 BNB Chain
   🪙  1 binancecoin = U$ 845,0600 | R$ 4602,2100
   ⛽ Gas Price: 0,1 gwei

✅ Dados também salvos no Google Sheets!
🌍 Polygon
   🪙  1 matic-network = U$ 0,2837 | R$ 1,5500
   ⛽ Gas Price: 55,406699348 gwei

✅ Dados também salvos no Google Sheets!
🌍 Ethereum
   🪙  1 ethereum = U$ 4308,7000 | R$ 23458,0000
   ⛽ Gas Price: 0,183136486 gwei

✅ Dados também salvos no Google Sheets!
🌍 BNB Chain
   🪙  1 binancecoin = U$ 844,6800 | R$ 4600,0500
   ⛽ Gas Price: 0,1 gwei

✅ Dados também salvos no Google Sheets!
🌍 Polygon
   🪙  1 matic-network = U$ 0,2832 | R$ 1,5400
   ⛽ Gas Price: 42,461903565 gwei

✅ Dados também salvos no Google Sheets!
🌍 Ethereum
   🪙  1 ethereum = U$ 4327,6000 | R$ 23565,0000
   ⛽ Gas Price: 0,173148216 gwei

✅ Dados também salvos no Google Sheets!
🌍 BNB Chain
   🪙  1 binancecoin = U$ 845,6100 | R$ 4604,6700
   ⛽ Gas Price: 0,1 gwei

✅ Dados também salvos no Google Sheets!
🌍 Polygon
   🪙  1 matic-network = U$ 0,2837 | R$ 1,5500
   ⛽ Gas Price: 35,363503868 gwei

✅ Dados também salvos no Google Sheets!
🌍 Ethereum
   🪙  1 ethereum = U$ 4319,1800 | R$ 23515,0000
   ⛽ Gas Price: 0,181754764 gwei

✅ Dados também salvos no Google Sheets!
🌍 BNB Chain
   🪙  1 binancecoin = U$ 844,9200 | R$ 4600,0100
   ⛽ Gas Price: 0,1 gwei

✅ Dados também salvos no Google Sheets!
🌍 Polygon
   🪙  1 matic-network = U$ 0,2836 | R$ 1,5400
   ⛽ Gas Price: 30,369197956 gwei

✅ Dados também salvos no Google Sheets!
🌍 Ethereum
   🪙  1 ethereum = U$ 4319,8900 | R$ 23527,0000
   ⛽ Gas Price: 0,197678403 gwei

✅ Dados também salvos no Google Sheets!
🌍 BNB Chain
   🪙  1 binancecoin = U$ 843,9400 | R$ 4596,3700
   ⛽ Gas Price: 0,1 gwei

✅ Dados também salvos no Google Sheets!
🌍 Polygon
   🪙  1 matic-network = U$ 0,2829 | R$ 1,5400
   ⛽ Gas Price: 28,693815187 gwei

✅ Dados também salvos no Google Sheets!
🌍 Ethereum
   🪙  1 ethereum = U$ 4326,9000 | R$ 23563,0000
   ⛽ Gas Price: 0,250315432 gwei

✅ Dados também salvos no Google Sheets!
🌍 BNB Chain
   🪙  1 binancecoin = U$ 845,0700 | R$ 4602,0700
   ⛽ Gas Price: 0,1 gwei

✅ Dados também salvos no Google Sheets!
🌍 Polygon
   🪙  1 matic-network = U$ 0,2833 | R$ 1,5400
   ⛽ Gas Price: 28,821586081 gwei

✅ Dados também salvos no Google Sheets!
🌍 Ethereum
   🪙  1 ethereum = U$ 4331,9500 | R$ 23589,0000
   ⛽ Gas Price: 0,265493771 gwei

✅ Dados também salvos no Google Sheets!
🌍 BNB Chain
   🪙  1 binancecoin = U$ 846,2500 | R$ 4608,1900
   ⛽ Gas Price: 0,1 gwei

✅ Dados também salvos no Google Sheets!
🌍 Polygon
   🪙  1 matic-network = U$ 0,2873 | R$ 1,5600
   ⛽ Gas Price: 31,451200538 gwei

✅ Dados também salvos no Google Sheets!
🌍 Ethereum
   🪙  1 ethereum = U$ 4335,3200 | R$ 23609,0000
   ⛽ Gas Price: 0,243926887 gwei

✅ Dados também salvos no Google Sheets!
🌍 BNB Chain
   🪙  1 binancecoin = U$ 846,1700 | R$ 4608,0000
   ⛽ Gas Price: 0,1 gwei

✅ Dados também salvos no Google Sheets!
🌍 Polygon
   🪙  1 matic-network = U$ 0,2872 | R$ 1,5600
   ⛽ Gas Price: 31,138218602 gwei

✅ Dados também salvos no Google Sheets!
🌍 Ethereum
   🪙  1 ethereum = U$ 4333,6700 | R$ 23596,0000
   ⛽ Gas Price: 0,182586809 gwei

✅ Dados também salvos no Google Sheets!
🌍 BNB Chain
   🪙  1 binancecoin = U$ 846,8100 | R$ 4610,6900
   ⛽ Gas Price: 0,1 gwei

✅ Dados também salvos no Google Sheets!
🌍 Polygon
   🪙  1 matic-network = U$ 0,2864 | R$ 1,5600
   ⛽ Gas Price: 31,304410579 gwei

✅ Dados também salvos no Google Sheets!
🌍 Ethereum
   🪙  1 ethereum = U$ 4339,4200 | R$ 23629,0000
   ⛽ Gas Price: 0,250481135 gwei

✅ Dados também salvos no Google Sheets!
🌍 BNB Chain
   🪙  1 binancecoin = U$ 846,9500 | R$ 4611,8900
   ⛽ Gas Price: 0,1 gwei

✅ Dados também salvos no Google Sheets!
🌍 Polygon
   🪙  1 matic-network = U$ 0,2864 | R$ 1,5600
   ⛽ Gas Price: 30,219389517 gwei

✅ Dados também salvos no Google Sheets!
🌍 Ethereum
   🪙  1 ethereum = U$ 4339,1700 | R$ 23627,0000
   ⛽ Gas Price: 0,229884034 gwei

✅ Dados também salvos no Google Sheets!
🌍 BNB Chain
   🪙  1 binancecoin = U$ 846,8500 | R$ 4611,1800
   ⛽ Gas Price: 0,1 gwei

✅ Dados também salvos no Google Sheets!
🌍 Polygon
   🪙  1 matic-network = U$ 0,2858 | R$ 1,5600
   ⛽ Gas Price: 28,759944589 gwei

✅ Dados também salvos no Google Sheets!
🌍 Ethereum
   🪙  1 ethereum = U$ 4335,8500 | R$ 23609,0000
   ⛽ Gas Price: 0,215143095 gwei

✅ Dados também salvos no Google Sheets!
🌍 BNB Chain
   🪙  1 binancecoin = U$ 846,5100 | R$ 4609,3300
   ⛽ Gas Price: 0,1 gwei

✅ Dados também salvos no Google Sheets!
🌍 Polygon
   🪙  1 matic-network = U$ 0,2852 | R$ 1,5500
   ⛽ Gas Price: 28,121856068 gwei

✅ Dados também salvos no Google Sheets!
🌍 Ethereum
   🪙  1 ethereum = U$ 4328,8900 | R$ 23573,0000
   ⛽ Gas Price: 0,194696827 gwei

✅ Dados também salvos no Google Sheets!
🌍 BNB Chain
   🪙  1 binancecoin = U$ 845,2800 | R$ 4602,9600
   ⛽ Gas Price: 0,1 gwei

✅ Dados também salvos no Google Sheets!
🌍 Polygon
   🪙  1 matic-network = U$ 0,2839 | R$ 1,5500
   ⛽ Gas Price: 28,195398162 gwei

✅ Dados também salvos no Google Sheets!
🌍 Ethereum
   🪙  1 ethereum = U$ 4333,5900 | R$ 23591,0000
   ⛽ Gas Price: 0,168404524 gwei

✅ Dados também salvos no Google Sheets!
🌍 BNB Chain
   🪙  1 binancecoin = U$ 845,9500 | R$ 4605,1100
   ⛽ Gas Price: 0,1 gwei

✅ Dados também salvos no Google Sheets!
🌍 Polygon
   🪙  1 matic-network = U$ 0,2847 | R$ 1,5500
   ⛽ Gas Price: 27,708727055 gwei

✅ Dados também salvos no Google Sheets!
🌍 Ethereum
   🪙  1 ethereum = U$ 4330,6800 | R$ 23578,0000
   ⛽ Gas Price: 0,200502859 gwei

✅ Dados também salvos no Google Sheets!
🌍 BNB Chain
   🪙  1 binancecoin = U$ 846,5100 | R$ 4608,6600
   ⛽ Gas Price: 0,1 gwei

✅ Dados também salvos no Google Sheets!
🌍 Polygon
   🪙  1 matic-network = U$ 0,2853 | R$ 1,5500
   ⛽ Gas Price: 28,95816309 gwei

✅ Dados também salvos no Google Sheets!
🌍 Ethereum
   🪙  1 ethereum = U$ 4356,8600 | R$ 23724,0000
   ⛽ Gas Price: 0,323638567 gwei

✅ Dados também salvos no Google Sheets!
🌍 BNB Chain
   🪙  1 binancecoin = U$ 848,3000 | R$ 4619,1400
   ⛽ Gas Price: 0,1 gwei

✅ Dados também salvos no Google Sheets!
🌍 Polygon
   🪙  1 matic-network = U$ 0,2861 | R$ 1,5600
   ⛽ Gas Price: 35,045202042 gwei

✅ Dados também salvos no Google Sheets!
🌍 Ethereum
   🪙  1 ethereum = U$ 4375,5100 | R$ 23825,0000
   ⛽ Gas Price: 0,417826259 gwei

✅ Dados também salvos no Google Sheets!
🌍 BNB Chain
   🪙  1 binancecoin = U$ 849,0800 | R$ 4623,2500
   ⛽ Gas Price: 0,1 gwei

✅ Dados também salvos no Google Sheets!
🌍 Polygon
   🪙  1 matic-network = U$ 0,2871 | R$ 1,5600
   ⛽ Gas Price: 37,424188553 gwei

✅ Dados também salvos no Google Sheets!
🌍 Ethereum
   🪙  1 ethereum = U$ 4392,7700 | R$ 23924,0000
   ⛽ Gas Price: 0,657547607 gwei

✅ Dados também salvos no Google Sheets!
🌍 BNB Chain
   🪙  1 binancecoin = U$ 850,0900 | R$ 4629,7900
   ⛽ Gas Price: 0,1 gwei

✅ Dados também salvos no Google Sheets!
🌍 Polygon
   🪙  1 matic-network = U$ 0,2878 | R$ 1,5700
   ⛽ Gas Price: 39,649688023 gwei

✅ Dados também salvos no Google Sheets!
🌍 Ethereum
   🪙  1 ethereum = U$ 4421,5500 | R$ 24072,0000
   ⛽ Gas Price: 0,802706161 gwei

✅ Dados também salvos no Google Sheets!
🌍 BNB Chain
   🪙  1 binancecoin = U$ 850,5700 | R$ 4630,7800
   ⛽ Gas Price: 0,1 gwei

✅ Dados também salvos no Google Sheets!
🌍 Polygon
   🪙  1 matic-network = U$ 0,2887 | R$ 1,5700
   ⛽ Gas Price: 47,576763398 gwei

✅ Dados também salvos no Google Sheets!
🌍 Ethereum
   🪙  1 ethereum = U$ 4398,6800 | R$ 23950,0000
   ⛽ Gas Price: 0,47410315 gwei

✅ Dados também salvos no Google Sheets!
🌍 BNB Chain
   🪙  1 binancecoin = U$ 848,8200 | R$ 4621,7200
   ⛽ Gas Price: 0,1 gwei

✅ Dados também salvos no Google Sheets!
🌍 Polygon
   🪙  1 matic-network = U$ 0,2899 | R$ 1,5800
   ⛽ Gas Price: 116,249989015 gwei

✅ Dados também salvos no Google Sheets!
🌍 Ethereum
   🪙  1 ethereum = U$ 4396,0700 | R$ 23967,0000
   ⛽ Gas Price: 0,356542572 gwei

✅ Dados também salvos no Google Sheets!
🌍 BNB Chain
   🪙  1 binancecoin = U$ 848,3900 | R$ 4625,4000
   ⛽ Gas Price: 0,1 gwei

✅ Dados também salvos no Google Sheets!
🌍 Polygon
   🪙  1 matic-network = U$ 0,2878 | R$ 1,5700
   ⛽ Gas Price: 89,677323501 gwei

✅ Dados também salvos no Google Sheets!
🌍 Ethereum
   🪙  1 ethereum = U$ 4397,6200 | R$ 23971,0000
   ⛽ Gas Price: 0,292155825 gwei

✅ Dados também salvos no Google Sheets!
🌍 BNB Chain
   🪙  1 binancecoin = U$ 848,6800 | R$ 4626,1700
   ⛽ Gas Price: 0,1 gwei

✅ Dados também salvos no Google Sheets!
🌍 Polygon
   🪙  1 matic-network = U$ 0,2874 | R$ 1,5700
   ⛽ Gas Price: 78,742539107 gwei

✅ Dados também salvos no Google Sheets!
🌍 Ethereum
   🪙  1 ethereum = U$ 4406,2700 | R$ 24026,0000
   ⛽ Gas Price: 0,268648278 gwei

✅ Dados também salvos no Google Sheets!
🌍 BNB Chain
   🪙  1 binancecoin = U$ 849,4500 | R$ 4631,8200
   ⛽ Gas Price: 0,1 gwei

✅ Dados também salvos no Google Sheets!
🌍 Polygon
   🪙  1 matic-network = U$ 0,2869 | R$ 1,5600
   ⛽ Gas Price: 77,797735064 gwei

✅ Dados também salvos no Google Sheets!
🌍 Ethereum
   🪙  1 ethereum = U$ 4398,3200 | R$ 23964,0000
   ⛽ Gas Price: 0,234256632 gwei

✅ Dados também salvos no Google Sheets!
🌍 BNB Chain
   🪙  1 binancecoin = U$ 850,0200 | R$ 4631,2500
   ⛽ Gas Price: 0,1 gwei

✅ Dados também salvos no Google Sheets!
🌍 Polygon
   🪙  1 matic-network = U$ 0,2881 | R$ 1,5700
   ⛽ Gas Price: 76,055631489 gwei

✅ Dados também salvos no Google Sheets!
🌍 Ethereum
   🪙  1 ethereum = U$ 4377,6100 | R$ 23851,0000
   ⛽ Gas Price: 0,260040286 gwei

✅ Dados também salvos no Google Sheets!
🌍 BNB Chain
   🪙  1 binancecoin = U$ 847,9600 | R$ 4620,0500
   ⛽ Gas Price: 0,1 gwei

✅ Dados também salvos no Google Sheets!
🌍 Polygon
   🪙  1 matic-network = U$ 0,2860 | R$ 1,5600
   ⛽ Gas Price: 90,950570878 gwei

✅ Dados também salvos no Google Sheets!
🌍 Ethereum
   🪙  1 ethereum = U$ 4397,8500 | R$ 23961,0000
   ⛽ Gas Price: 0,242545147 gwei

✅ Dados também salvos no Google Sheets!
🌍 BNB Chain
   🪙  1 binancecoin = U$ 848,9100 | R$ 4625,1200
   ⛽ Gas Price: 0,1 gwei

✅ Dados também salvos no Google Sheets!
🌍 Polygon
   🪙  1 matic-network = U$ 0,2859 | R$ 1,5600
   ⛽ Gas Price: 77,669340702 gwei

✅ Dados também salvos no Google Sheets!
🌍 Ethereum
   🪙  1 ethereum = U$ 4396,6800 | R$ 23951,0000
   ⛽ Gas Price: 0,235657853 gwei

✅ Dados também salvos no Google Sheets!
🌍 BNB Chain
   🪙  1 binancecoin = U$ 849,3500 | R$ 4626,8400
   ⛽ Gas Price: 0,1 gwei

✅ Dados também salvos no Google Sheets!
🌍 Polygon
   🪙  1 matic-network = U$ 0,2861 | R$ 1,5600
   ⛽ Gas Price: 77,881036386 gwei

✅ Dados também salvos no Google Sheets!
🌍 Ethereum
   🪙  1 ethereum = U$ 4404,4300 | R$ 23992,0000
   ⛽ Gas Price: 0,221690809 gwei

✅ Dados também salvos no Google Sheets!
🌍 BNB Chain
   🪙  1 binancecoin = U$ 849,3400 | R$ 4626,5000
   ⛽ Gas Price: 0,1 gwei

✅ Dados também salvos no Google Sheets!
🌍 Polygon
   🪙  1 matic-network = U$ 0,2869 | R$ 1,5600
   ⛽ Gas Price: 75,995969095 gwei

✅ Dados também salvos no Google Sheets!
🌍 Ethereum
   🪙  1 ethereum = U$ 4409,2600 | R$ 24021,0000
   ⛽ Gas Price: 0,18927778 gwei

✅ Dados também salvos no Google Sheets!
🌍 BNB Chain
   🪙  1 binancecoin = U$ 849,3700 | R$ 4627,1800
   ⛽ Gas Price: 0,1 gwei

✅ Dados também salvos no Google Sheets!
🌍 Polygon
   🪙  1 matic-network = U$ 0,2864 | R$ 1,5600
   ⛽ Gas Price: 73,841561804 gwei

✅ Dados também salvos no Google Sheets!
🌍 Ethereum
   🪙  1 ethereum = U$ 4412,0100 | R$ 24035,0000
   ⛽ Gas Price: 0,203767266 gwei

✅ Dados também salvos no Google Sheets!
🌍 BNB Chain
   🪙  1 binancecoin = U$ 849,8600 | R$ 4629,8100
   ⛽ Gas Price: 0,1 gwei

✅ Dados também salvos no Google Sheets!
🌍 Polygon
   🪙  1 matic-network = U$ 0,2860 | R$ 1,5600
   ⛽ Gas Price: 77,945052088 gwei

✅ Dados também salvos no Google Sheets!
🌍 Ethereum
   🪙  1 ethereum = U$ 4412,1600 | R$ 24032,0000
   ⛽ Gas Price: 0,222256527 gwei

✅ Dados também salvos no Google Sheets!
🌍 BNB Chain
   🪙  1 binancecoin = U$ 850,3500 | R$ 4631,6600
   ⛽ Gas Price: 0,1 gwei

✅ Dados também salvos no Google Sheets!
🌍 Polygon
   🪙  1 matic-network = U$ 0,2843 | R$ 1,5500
   ⛽ Gas Price: 61,864233475 gwei

✅ Dados também salvos no Google Sheets!
🌍 Ethereum
   🪙  1 ethereum = U$ 4408,5500 | R$ 24020,0000
   ⛽ Gas Price: 0,307879659 gwei

✅ Dados também salvos no Google Sheets!
🌍 BNB Chain
   🪙  1 binancecoin = U$ 849,9200 | R$ 4630,7200
   ⛽ Gas Price: 0,1 gwei

✅ Dados também salvos no Google Sheets!
🌍 Polygon
   🪙  1 matic-network = U$ 0,2837 | R$ 1,5500
   ⛽ Gas Price: 74,504465757 gwei

✅ Dados também salvos no Google Sheets!
🌍 Ethereum
   🪙  1 ethereum = U$ 4418,5000 | R$ 24069,0000
   ⛽ Gas Price: 0,312055833 gwei

✅ Dados também salvos no Google Sheets!
🌍 BNB Chain
   🪙  1 binancecoin = U$ 850,0900 | R$ 4630,7900
   ⛽ Gas Price: 0,1 gwei

✅ Dados também salvos no Google Sheets!
🌍 Polygon
   🪙  1 matic-network = U$ 0,2835 | R$ 1,5400
   ⛽ Gas Price: 66,03846419 gwei

✅ Dados também salvos no Google Sheets!
🌍 Ethereum
   🪙  1 ethereum = U$ 4420,2200 | R$ 24079,0000
   ⛽ Gas Price: 0,329649631 gwei

✅ Dados também salvos no Google Sheets!
🌍 BNB Chain
   🪙  1 binancecoin = U$ 850,5600 | R$ 4633,3600
   ⛽ Gas Price: 0,1 gwei

✅ Dados também salvos no Google Sheets!
🌍 Polygon
   🪙  1 matic-network = U$ 0,2838 | R$ 1,5500
   ⛽ Gas Price: 60,852386782 gwei

✅ Dados também salvos no Google Sheets!
🌍 Ethereum
   🪙  1 ethereum = U$ 4417,4700 | R$ 24068,0000
   ⛽ Gas Price: 0,35294827 gwei

✅ Dados também salvos no Google Sheets!
🌍 BNB Chain
   🪙  1 binancecoin = U$ 850,7600 | R$ 4635,1900
   ⛽ Gas Price: 0,1 gwei

✅ Dados também salvos no Google Sheets!
🌍 Polygon
   🪙  1 matic-network = U$ 0,2845 | R$ 1,5500
   ⛽ Gas Price: 68,469835811 gwei

✅ Dados também salvos no Google Sheets!
🌍 Ethereum
   🪙  1 ethereum = U$ 4418,0700 | R$ 23966,0000
   ⛽ Gas Price: 0,315534163 gwei

✅ Dados também salvos no Google Sheets!
🌍 BNB Chain
   🪙  1 binancecoin = U$ 850,6700 | R$ 4614,4900
   ⛽ Gas Price: 0,1 gwei

✅ Dados também salvos no Google Sheets!
🌍 Polygon
   🪙  1 matic-network = U$ 0,2841 | R$ 1,5400
   ⛽ Gas Price: 76,147167556 gwei

✅ Dados também salvos no Google Sheets!
🌍 Ethereum
   🪙  1 ethereum = U$ 4439,4300 | R$ 24055,0000
   ⛽ Gas Price: 0,446006796 gwei

✅ Dados também salvos no Google Sheets!
🌍 BNB Chain
   🪙  1 binancecoin = U$ 851,5400 | R$ 4614,0900
   ⛽ Gas Price: 0,1 gwei

✅ Dados também salvos no Google Sheets!
🌍 Polygon
   🪙  1 matic-network = U$ 0,2846 | R$ 1,5400
   ⛽ Gas Price: 80,19270476 gwei

✅ Dados também salvos no Google Sheets!
🌍 Ethereum
   🪙  1 ethereum = U$ 4432,6200 | R$ 23978,0000
   ⛽ Gas Price: 0,973336435 gwei

✅ Dados também salvos no Google Sheets!
🌍 BNB Chain
   🪙  1 binancecoin = U$ 851,3400 | R$ 4605,3700
   ⛽ Gas Price: 0,1 gwei

✅ Dados também salvos no Google Sheets!
🌍 Polygon
   🪙  1 matic-network = U$ 0,2852 | R$ 1,5400
   ⛽ Gas Price: 142,988806648 gwei

✅ Dados também salvos no Google Sheets!
🌍 Ethereum
   🪙  1 ethereum = U$ 4464,8000 | R$ 24134,0000
   ⛽ Gas Price: 1,338117062 gwei

✅ Dados também salvos no Google Sheets!
🌍 BNB Chain
   🪙  1 binancecoin = U$ 853,7600 | R$ 4614,8300
   ⛽ Gas Price: 0,1 gwei

✅ Dados também salvos no Google Sheets!
🌍 Polygon
   🪙  1 matic-network = U$ 0,2871 | R$ 1,5500
   ⛽ Gas Price: 121,693065498 gwei

✅ Dados também salvos no Google Sheets!
🌍 Ethereum
   🪙  1 ethereum = U$ 4461,8400 | R$ 24088,0000
   ⛽ Gas Price: 1,135358152 gwei

✅ Dados também salvos no Google Sheets!
🌍 BNB Chain
   🪙  1 binancecoin = U$ 855,0700 | R$ 4616,1600
   ⛽ Gas Price: 0,1 gwei

✅ Dados também salvos no Google Sheets!
🌍 Polygon
   🪙  1 matic-network = U$ 0,2863 | R$ 1,5500
   ⛽ Gas Price: 96,940108642 gwei

✅ Dados também salvos no Google Sheets!
🌍 Ethereum
   🪙  1 ethereum = U$ 4467,5100 | R$ 24108,0000
   ⛽ Gas Price: 1,185242509 gwei

✅ Dados também salvos no Google Sheets!
🌍 BNB Chain
   🪙  1 binancecoin = U$ 855,8700 | R$ 4618,6300
   ⛽ Gas Price: 0,1 gwei

✅ Dados também salvos no Google Sheets!
🌍 Polygon
   🪙  1 matic-network = U$ 0,2867 | R$ 1,5500
   ⛽ Gas Price: 102,211922444 gwei

✅ Dados também salvos no Google Sheets!
🌍 Ethereum
   🪙  1 ethereum = U$ 4457,7000 | R$ 24002,0000
   ⛽ Gas Price: 0,99809368 gwei

✅ Dados também salvos no Google Sheets!
🌍 BNB Chain
   🪙  1 binancecoin = U$ 856,2700 | R$ 4610,4300
   ⛽ Gas Price: 0,1 gwei

✅ Dados também salvos no Google Sheets!
🌍 Polygon
   🪙  1 matic-network = U$ 0,2870 | R$ 1,5500
   ⛽ Gas Price: 121,028284127 gwei

✅ Dados também salvos no Google Sheets!
🌍 Ethereum
   🪙  1 ethereum = U$ 4441,7600 | R$ 23926,0000
   ⛽ Gas Price: 1,052919306 gwei

✅ Dados também salvos no Google Sheets!
🌍 BNB Chain
   🪙  1 binancecoin = U$ 856,2800 | R$ 4612,4200
   ⛽ Gas Price: 0,1 gwei

✅ Dados também salvos no Google Sheets!
🌍 Polygon
   🪙  1 matic-network = U$ 0,2866 | R$ 1,5400
   ⛽ Gas Price: 132,877667472 gwei

✅ Dados também salvos no Google Sheets!
🌍 Ethereum
   🪙  1 ethereum = U$ 4408,2200 | R$ 23756,0000
   ⛽ Gas Price: 1,339011128 gwei

✅ Dados também salvos no Google Sheets!
🌍 BNB Chain
   🪙  1 binancecoin = U$ 853,2500 | R$ 4598,1800
   ⛽ Gas Price: 0,1 gwei

✅ Dados também salvos no Google Sheets!
🌍 Polygon
   🪙  1 matic-network = U$ 0,2846 | R$ 1,5300
   ⛽ Gas Price: 147,183376109 gwei

✅ Dados também salvos no Google Sheets!
🌍 Ethereum
   🪙  1 ethereum = U$ 4325,9300 | R$ 23366,0000
   ⛽ Gas Price: 1,986753747 gwei

✅ Dados também salvos no Google Sheets!
🌍 BNB Chain
   🪙  1 binancecoin = U$ 847,2800 | R$ 4576,5100
   ⛽ Gas Price: 0,1 gwei

✅ Dados também salvos no Google Sheets!
🌍 Polygon
   🪙  1 matic-network = U$ 0,2795 | R$ 1,5100
   ⛽ Gas Price: 214,989707081 gwei

✅ Dados também salvos no Google Sheets!
🌍 Ethereum
   🪙  1 ethereum = U$ 4293,9800 | R$ 23252,0000
   ⛽ Gas Price: 1,737117487 gwei

✅ Dados também salvos no Google Sheets!
🌍 BNB Chain
   🪙  1 binancecoin = U$ 847,2100 | R$ 4587,7500
   ⛽ Gas Price: 0,1 gwei

✅ Dados também salvos no Google Sheets!
🌍 Polygon
   🪙  1 matic-network = U$ 0,2780 | R$ 1,5100
   ⛽ Gas Price: 179,578126101 gwei

✅ Dados também salvos no Google Sheets!
🌍 Ethereum
   🪙  1 ethereum = U$ 4281,1100 | R$ 23150,0000
   ⛽ Gas Price: 1,543682722 gwei

✅ Dados também salvos no Google Sheets!
🌍 BNB Chain
   🪙  1 binancecoin = U$ 848,3500 | R$ 4587,3700
   ⛽ Gas Price: 0,1 gwei

✅ Dados também salvos no Google Sheets!
🌍 Polygon
   🪙  1 matic-network = U$ 0,2785 | R$ 1,5100
   ⛽ Gas Price: 169,480496787 gwei

✅ Dados também salvos no Google Sheets!
🌍 Ethereum
   🪙  1 ethereum = U$ 4288,3300 | R$ 23214,0000
   ⛽ Gas Price: 1,299238649 gwei

✅ Dados também salvos no Google Sheets!
🌍 BNB Chain
   🪙  1 binancecoin = U$ 848,6700 | R$ 4594,1300
   ⛽ Gas Price: 0,1 gwei

✅ Dados também salvos no Google Sheets!
🌍 Polygon
   🪙  1 matic-network = U$ 0,2785 | R$ 1,5100
   ⛽ Gas Price: 141,022011043 gwei

✅ Dados também salvos no Google Sheets!
🌍 Ethereum
   🪙  1 ethereum = U$ 4298,5900 | R$ 23238,0000
   ⛽ Gas Price: 1,014710188 gwei

✅ Dados também salvos no Google Sheets!
🌍 BNB Chain
   🪙  1 binancecoin = U$ 849,3800 | R$ 4591,7300
   ⛽ Gas Price: 0,1 gwei

✅ Dados também salvos no Google Sheets!
🌍 Polygon
   🪙  1 matic-network = U$ 0,2802 | R$ 1,5100
   ⛽ Gas Price: 96,262135718 gwei

✅ Dados também salvos no Google Sheets!
🌍 Ethereum
   🪙  1 ethereum = U$ 4302,2800 | R$ 23246,0000
   ⛽ Gas Price: 0,959375025 gwei

✅ Dados também salvos no Google Sheets!
🌍 BNB Chain
   🪙  1 binancecoin = U$ 849,5600 | R$ 4590,3400
   ⛽ Gas Price: 0,1 gwei

✅ Dados também salvos no Google Sheets!
🌍 Polygon
   🪙  1 matic-network = U$ 0,2799 | R$ 1,5100
   ⛽ Gas Price: 76,308272971 gwei

✅ Dados também salvos no Google Sheets!
🌍 Ethereum
   🪙  1 ethereum = U$ 4280,3400 | R$ 23120,0000
   ⛽ Gas Price: 0,684909797 gwei

✅ Dados também salvos no Google Sheets!
🌍 BNB Chain
   🪙  1 binancecoin = U$ 849,1000 | R$ 4586,4000
   ⛽ Gas Price: 0,1 gwei

✅ Dados também salvos no Google Sheets!
🌍 Polygon
   🪙  1 matic-network = U$ 0,2783 | R$ 1,5000
   ⛽ Gas Price: 77,048212998 gwei

✅ Dados também salvos no Google Sheets!
🌍 Ethereum
   🪙  1 ethereum = U$ 4293,3900 | R$ 23174,0000
   ⛽ Gas Price: 0,667820633 gwei

✅ Dados também salvos no Google Sheets!
🌍 BNB Chain
   🪙  1 binancecoin = U$ 849,0500 | R$ 4582,7500
   ⛽ Gas Price: 0,1 gwei

✅ Dados também salvos no Google Sheets!
🌍 Polygon
   🪙  1 matic-network = U$ 0,2781 | R$ 1,5000
   ⛽ Gas Price: 75,455396447 gwei

✅ Dados também salvos no Google Sheets!
🌍 Ethereum
   🪙  1 ethereum = U$ 4288,6000 | R$ 23152,0000
   ⛽ Gas Price: 0,599214825 gwei

✅ Dados também salvos no Google Sheets!
🌍 BNB Chain
   🪙  1 binancecoin = U$ 849,2500 | R$ 4584,6000
   ⛽ Gas Price: 0,1 gwei

✅ Dados também salvos no Google Sheets!
🌍 Polygon
   🪙  1 matic-network = U$ 0,2778 | R$ 1,5000
   ⛽ Gas Price: 59,16563902 gwei

✅ Dados também salvos no Google Sheets!
🌍 Ethereum
   🪙  1 ethereum = U$ 4298,1400 | R$ 23215,0000
   ⛽ Gas Price: 0,667085158 gwei

✅ Dados também salvos no Google Sheets!
🌍 BNB Chain
   🪙  1 binancecoin = U$ 849,5100 | R$ 4588,3500
   ⛽ Gas Price: 0,1 gwei

✅ Dados também salvos no Google Sheets!
🌍 Polygon
   🪙  1 matic-network = U$ 0,2780 | R$ 1,5000
   ⛽ Gas Price: 37,684932166 gwei

✅ Dados também salvos no Google Sheets!
🌍 Ethereum
   🪙  1 ethereum = U$ 4296,3300 | R$ 23203,0000
   ⛽ Gas Price: 0,6255225 gwei

✅ Dados também salvos no Google Sheets!
🌍 BNB Chain
   🪙  1 binancecoin = U$ 849,2000 | R$ 4586,2000
   ⛽ Gas Price: 0,1 gwei

✅ Dados também salvos no Google Sheets!
🌍 Polygon
   🪙  1 matic-network = U$ 0,2771 | R$ 1,5000
   ⛽ Gas Price: 32,460418407 gwei

✅ Dados também salvos no Google Sheets!
🌍 Ethereum
   🪙  1 ethereum = U$ 4291,4900 | R$ 23180,0000
   ⛽ Gas Price: 0,656475383 gwei

✅ Dados também salvos no Google Sheets!
🌍 BNB Chain
   🪙  1 binancecoin = U$ 849,2200 | R$ 4587,0900
   ⛽ Gas Price: 0,1 gwei

✅ Dados também salvos no Google Sheets!
🌍 Polygon
   🪙  1 matic-network = U$ 0,2768 | R$ 1,5000
   ⛽ Gas Price: 25,759969916 gwei

✅ Dados também salvos no Google Sheets!
🌍 Ethereum
   🪙  1 ethereum = U$ 4288,1600 | R$ 23159,0000
   ⛽ Gas Price: 0,51526731 gwei

✅ Dados também salvos no Google Sheets!
🌍 BNB Chain
   🪙  1 binancecoin = U$ 849,8400 | R$ 4587,4100
   ⛽ Gas Price: 0,1 gwei

✅ Dados também salvos no Google Sheets!
🌍 Polygon
   🪙  1 matic-network = U$ 0,2769 | R$ 1,4900
   ⛽ Gas Price: 25,170723208 gwei

✅ Dados também salvos no Google Sheets!
🌍 Ethereum
   🪙  1 ethereum = U$ 4274,9300 | R$ 23087,0000
   ⛽ Gas Price: 0,527039228 gwei

✅ Dados também salvos no Google Sheets!
🌍 BNB Chain
   🪙  1 binancecoin = U$ 848,8500 | R$ 4584,2200
   ⛽ Gas Price: 0,1 gwei

✅ Dados também salvos no Google Sheets!
🌍 Polygon
   🪙  1 matic-network = U$ 0,2762 | R$ 1,4900
   ⛽ Gas Price: 25,059602329 gwei

✅ Dados também salvos no Google Sheets!
🌍 Ethereum
   🪙  1 ethereum = U$ 4289,4200 | R$ 23173,0000
   ⛽ Gas Price: 0,338881402 gwei

✅ Dados também salvos no Google Sheets!
🌍 BNB Chain
   🪙  1 binancecoin = U$ 849,5000 | R$ 4589,2500
   ⛽ Gas Price: 0,1 gwei

✅ Dados também salvos no Google Sheets!
🌍 Polygon
   🪙  1 matic-network = U$ 0,2781 | R$ 1,5000
   ⛽ Gas Price: 25,013048602 gwei

✅ Dados também salvos no Google Sheets!
🌍 Ethereum
   🪙  1 ethereum = U$ 4286,9900 | R$ 23171,0000
   ⛽ Gas Price: 0,337812846 gwei

✅ Dados também salvos no Google Sheets!
🌍 BNB Chain
   🪙  1 binancecoin = U$ 849,3000 | R$ 4590,4100
   ⛽ Gas Price: 0,1 gwei

✅ Dados também salvos no Google Sheets!
🌍 Polygon
   🪙  1 matic-network = U$ 0,2785 | R$ 1,5100
   ⛽ Gas Price: 25,002136039 gwei

✅ Dados também salvos no Google Sheets!
